[2025-08-29T09:08:38.950Z] 服务器启动，监听端口 3000
[2025-08-29T09:14:02.557Z] 服务器启动，监听端口 3000
[2025-08-29T09:14:17.953Z] 开始复制操作: 
      学科: junior_chemistry,
      源: onedrive/1/2,
      目标: onedrive/3/4
    
[2025-08-29T09:14:17.953Z] 执行命令: python /Users/zhangq/Documents/workspaces/aixuexi-automation/tools/server/automation/copy_automation.py --subject="junior_chemistry" --source-drive="onedrive" --source-path="/1/2" --target-drive="onedrive" --target-path="/3/4"
[2025-08-29T09:14:17.956Z] 用户取消了复制操作
[2025-08-29T09:14:17.959Z] 复制失败: Command failed: python /Users/zhangq/Documents/workspaces/aixuexi-automation/tools/server/automation/copy_automation.py --subject="junior_chemistry" --source-drive="onedrive" --source-path="/1/2" --target-drive="onedrive" --target-path="/3/4"

[2025-08-29T09:33:03.400Z] 服务器启动，监听端口 3000
[2025-08-29T09:33:16.062Z] 开始复制操作: 
      学科: junior_chemistry,
      源: testDrive/1/2,
      目标: testDrive/3/4
    
[2025-08-29T09:43:04.044Z] 服务器启动，监听端口 3000
[2025-08-29T09:43:46.199Z] 开始复制操作: 
      学科: junior_chemistry,
      源: testDrive/1/2,
      目标: testDrive/3/4
    
[2025-09-01T07:19:07.756Z] 服务器启动，监听端口 3000
[2025-09-01T07:20:37.972Z] 开始复制操作: 
      学科: 初中化学,
      源: testDrive/zhangq测试/第一讲,
      目标: testDrive/zhangq测试
    
[2025-09-01T07:40:29.713Z] 服务器启动，监听端口 3000
[2025-09-01T07:40:48.143Z] 开始复制操作: 
      学科: 初中化学,
      源: testDrive/zhangq测试/第一讲,
      目标: testDrive/zhangq测试
    
[2025-09-01T07:42:16.314Z] 开始复制操作: 
      学科: 初中化学,
      源: testDrive/zhangq测试/第一讲,
      目标: testDrive/zhangq测试
    
[2025-09-01T07:43:18.716Z] 服务器启动，监听端口 3000
[2025-09-01T07:43:30.538Z] 开始复制操作: 
      学科: 初中化学,
      源: 测试专用公共云盘/zhangq测试/第一讲,
      目标: 测试专用公共云盘/zhangq测试
    
[2025-09-01T07:55:50.452Z] 服务器启动，监听端口 3000
[2025-09-01T07:56:41.490Z] 开始复制操作: 
      学科: 初中化学,
      源: 测试专用公共云盘/zhangq测试/第一讲,
      目标: 测试专用公共云盘/zhangq测试
    
[2025-09-01T08:13:07.602Z] 服务器启动，监听端口 3000
[2025-09-01T08:16:30.327Z] 开始复制操作: 
      学科: 初中化学,
      源: 测试专用公共云盘/zhangq测试/第一讲,
      目标: 测试专用公共云盘/zhangq测试
    
[2025-09-01T08:36:38.675Z] 服务器启动，监听端口 3000
[2025-09-01T08:36:51.481Z] 开始复制操作: 
      学科: 初中化学,
      源: 测试专用公共云盘/zhangq测试/第一讲,
      目标: 测试专用公共云盘/zhangq测试
    
[2025-09-02T02:07:46.213Z] 服务器启动，监听端口 3000
[2025-09-02T02:09:02.603Z] 开始复制操作: 
      学科: 初中化学,
      源: 测试专用公共云盘/san测试/第八讲,
      目标: 测试专用公共云盘/zhangq测试
    
[2025-09-02T02:27:55.813Z] 服务器启动，监听端口 3000
[2025-09-02T02:28:13.540Z] 开始复制操作: 
      学科: 初中化学,
      源: 测试专用公共云盘/san测试/第八讲,
      目标: 测试专用公共云盘/zhangq测试
    
[2025-09-02T02:52:04.510Z] 服务器启动，监听端口 3000
[2025-09-02T02:52:21.992Z] 开始复制操作: 
      学科: 初中化学,
      源: 测试专用公共云盘/san测试/第八讲,
      目标: 测试专用公共云盘/zhangq测试
    
